<?xml version="1.0" encoding="UTF-8"?>
<testsuite xmlns:xsi="http://www.w3.org/2001/XMLSchema-instance" xsi:noNamespaceSchemaLocation="https://maven.apache.org/surefire/maven-surefire-plugin/xsd/surefire-test-report-3.0.xsd" version="3.0" name="aulas.QuadradoTest" time="0.03" tests="6" errors="0" skipped="0" failures="0">
  <properties>
[...]
</properties>
  <testcase name="ladoDeveEstarDefinido" classname="aulas.QuadradoTest" time="0.009"/>
  <testcase name="deveRetornarArea" classname="aulas.QuadradoTest" time="0.001"/>
  <testcase name="deveLancarExcecaoCasoLadoForMenorQueZero" classname="aulas.QuadradoTest" time="0.003"/>
  <testcase name="deveLancarExcecaoCasoLadoForIgualAZero" classname="aulas.QuadradoTest" time="0.002"/>
  <testcase name="objetoNaoPodeSerNull" classname="aulas.QuadradoTest" time="0.002"/>
  <testcase name="deveRetornarPerimetro" classname="aulas.QuadradoTest" time="0.001"/>
</testsuite>